cast/build/outputs/logs/manifest-merger-debug-report.txt
-- Merging decision tree log ---
manifest
ADDED from src/main/AndroidManifest.xml:16:1-22:12
INJECTED from src/main/AndroidManifest.xml:16:1-22:12
INJECTED from src/main/AndroidManifest.xml:16:1-22:12
	package
		ADDED from src/main/AndroidManifest.xml:16:11-59
		INJECTED from src/main/AndroidManifest.xml
		INJECTED from src/main/AndroidManifest.xml
	xmlns:android
		ADDED from src/main/AndroidManifest.xml:17:5-63
application
ADDED from src/main/AndroidManifest.xml:18:5-21:19
meta-data#com.google.android.gms.cast.framework.OPTIONS_PROVIDER_CLASS_NAME
ADDED from src/main/AndroidManifest.xml:19:9-20:97
	android:value
		ADDED from src/main/AndroidManifest.xml:20:13-94
	android:name
		ADDED from src/main/AndroidManifest.xml:19:20-100
uses-sdk
INJECTED from src/main/AndroidManifest.xml reason: use-sdk injection requested
INJECTED from src/main/AndroidManifest.xml
INJECTED from src/main/AndroidManifest.xml
INJECTED from src/main/AndroidManifest.xml
INJECTED from src/main/AndroidManifest.xml
	android:targetSdkVersion
		INJECTED from src/main/AndroidManifest.xml
		ADDED from src/main/AndroidManifest.xml
		INJECTED from src/main/AndroidManifest.xml
	android:minSdkVersion
		INJECTED from src/main/AndroidManifest.xml
		ADDED from src/main/AndroidManifest.xml
		INJECTED from src/main/AndroidManifest.xml